{
  "RSpec": {
    "coverage": {
      "/home/thiago/projetos/Mudou/spec/models/aluno_matriculado_spec.rb": [
        1,
        null,
        1,
        null,
        1,
        2,
        2,
        2,
        2,
        null,
        null,
        1,
        3,
        null,
        1,
        3,
        null,
        null,
        null,
        1,
        1,
        null,
        null,
        1,
        1,
        1,
        null,
        null,
        null,
        1,
        2,
        1,
        1,
        null,
        null,
        null,
        null
      ],
      "/home/thiago/projetos/Mudou/spec/rails_helper.rb": [
        null,
        1,
        1,
        null,
        1,
        null,
        null,
        1,
        1,
        null,
        null,
        null,
        null,
        null,
        null,
        null,
        null,
        null,
        null,
        null,
        null,
        null,
        null,
        null,
        null,
        null,
        null,
        null,
        null,
        1,
        null,
        0,
        0,
        null,
        1,
        null,
        1,
        null,
        null,
        null,
        null,
        1,
        null,
        null,
        null,
        null,
        null,
        null,
        null,
        null,
        null,
        null,
        null,
        null,
        null,
        null,
        1,
        null,
        null,
        1,
        null,
        null,
        null,
        null,
        1,
        1,
        1,
        1,
        null,
        null
      ],
      "/home/thiago/projetos/Mudou/config/environment.rb": [
        null,
        1,
        null,
        null,
        1
      ],
      "/home/thiago/projetos/Mudou/config/application.rb": [
        1,
        null,
        1,
        null,
        null,
        null,
        1,
        null,
        1,
        1,
        null,
        1,
        null,
        null,
        null,
        null,
        null,
        null,
        null
      ],
      "/home/thiago/projetos/Mudou/config/boot.rb": [
        1,
        null,
        1,
        1
      ],
      "/home/thiago/projetos/Mudou/config/environments/test.rb": [
        1,
        null,
        null,
        null,
        null,
        null,
        null,
        1,
        null,
        null,
        null,
        null,
        1,
        null,
        null,
        1,
        1,
        null,
        null,
        null,
        null,
        1,
        1,
        null,
        null,
        1,
        null,
        null,
        1,
        null,
        null,
        1,
        null,
        1,
        null,
        null,
        null,
        null,
        1,
        null,
        null,
        1,
        null,
        null,
        null,
        null
      ],
      "/home/thiago/projetos/Mudou/config/initializers/application_controller_renderer.rb": [
        null,
        null,
        null,
        null,
        null,
        null,
        null,
        null
      ],
      "/home/thiago/projetos/Mudou/config/initializers/assets.rb": [
        null,
        null,
        null,
        1,
        null,
        null,
        null,
        null,
        1,
        null,
        null,
        null,
        null,
        null
      ],
      "/home/thiago/projetos/Mudou/config/initializers/backtrace_silencers.rb": [
        null,
        null,
        null,
        null,
        null,
        null,
        null
      ],
      "/home/thiago/projetos/Mudou/config/initializers/content_security_policy.rb": [
        null,
        null,
        null,
        null,
        null,
        null,
        null,
        null,
        null,
        null,
        null,
        null,
        null,
        null,
        null,
        null,
        null,
        null,
        null,
        null,
        null,
        null,
        null,
        null,
        null
      ],
      "/home/thiago/projetos/Mudou/config/initializers/cookies_serializer.rb": [
        null,
        null,
        null,
        null,
        1
      ],
      "/home/thiago/projetos/Mudou/config/initializers/filter_parameter_logging.rb": [
        null,
        null,
        null,
        1
      ],
      "/home/thiago/projetos/Mudou/config/initializers/inflections.rb": [
        null,
        null,
        null,
        null,
        null,
        null,
        null,
        null,
        null,
        null,
        null,
        null,
        null,
        null,
        null,
        null
      ],
      "/home/thiago/projetos/Mudou/config/initializers/mime_types.rb": [
        null,
        null,
        null,
        null
      ],
      "/home/thiago/projetos/Mudou/config/initializers/wrap_parameters.rb": [
        null,
        null,
        null,
        null,
        null,
        null,
        1,
        2,
        null,
        null,
        null,
        null,
        null,
        null
      ],
      "/home/thiago/projetos/Mudou/spec/factories/alunos.rb": [
        1,
        1,
        13,
        13,
        null,
        null,
        1,
        1,
        1,
        null,
        null,
        null
      ],
      "/home/thiago/projetos/Mudou/spec/factories/aulas.rb": [
        1,
        1,
        8,
        8,
        8,
        8,
        8,
        null,
        1,
        null,
        null
      ],
      "/home/thiago/projetos/Mudou/spec/factories/cursos.rb": [
        1,
        1,
        13,
        1,
        null,
        null
      ],
      "/home/thiago/projetos/Mudou/spec/factories/disciplinas.rb": [
        1,
        1,
        13,
        13,
        null,
        1,
        1,
        null,
        null
      ],
      "/home/thiago/projetos/Mudou/spec/factories/matriculas.rb": [
        1,
        1,
        8,
        null,
        1,
        1,
        null,
        null
      ],
      "/home/thiago/projetos/Mudou/spec/factories/presencas.rb": [
        1,
        1,
        1,
        1,
        null,
        null
      ],
      "/home/thiago/projetos/Mudou/spec/factories/professores.rb": [
        1,
        1,
        13,
        13,
        null,
        null,
        1,
        13,
        13,
        null,
        null
      ],
      "/home/thiago/projetos/Mudou/config/routes.rb": [
        1,
        1,
        1,
        1,
        1,
        null,
        null
      ],
      "/home/thiago/projetos/Mudou/app/helpers/application_helper.rb": [
        1,
        null
      ],
      "/home/thiago/projetos/Mudou/app/helpers/aulas_helper.rb": [
        1,
        null
      ],
      "/home/thiago/projetos/Mudou/app/helpers/cursos_helper.rb": [
        1,
        null
      ],
      "/home/thiago/projetos/Mudou/app/helpers/disciplinas_helper.rb": [
        1,
        null
      ],
      "/home/thiago/projetos/Mudou/app/helpers/pessoas_helper.rb": [
        1,
        null
      ],
      "/home/thiago/projetos/Mudou/app/models/aluno_matriculado.rb": [
        1,
        1,
        1,
        null,
        1,
        1,
        null,
        null,
        1,
        null,
        null,
        null
      ],
      "/home/thiago/projetos/Mudou/app/models/application_record.rb": [
        1,
        1,
        null
      ],
      "/home/thiago/projetos/Mudou/spec/models/aluno_presente_spec.rb": [
        1,
        null,
        1,
        null,
        1,
        2,
        2,
        null,
        null,
        1,
        3,
        3,
        3,
        null,
        1,
        2,
        1,
        1,
        null,
        null,
        null,
        1,
        2,
        2,
        1,
        1,
        null,
        null,
        null,
        null,
        null
      ],
      "/home/thiago/projetos/Mudou/app/models/aluno_presente.rb": [
        1,
        1,
        1,
        null,
        1,
        null
      ],
      "/home/thiago/projetos/Mudou/spec/models/aula_spec.rb": [
        1,
        null,
        1,
        null,
        1,
        2,
        null,
        2,
        2,
        2,
        2,
        2,
        2,
        null,
        null,
        null
      ],
      "/home/thiago/projetos/Mudou/app/models/aula.rb": [
        1,
        1,
        null,
        1,
        1,
        null,
        null
      ],
      "/home/thiago/projetos/Mudou/spec/models/curso_spec.rb": [
        1,
        null,
        1,
        1,
        2,
        2,
        2,
        2,
        null,
        null,
        null,
        null,
        null,
        null
      ],
      "/home/thiago/projetos/Mudou/app/models/curso.rb": [
        1,
        1,
        1,
        1,
        null
      ],
      "/home/thiago/projetos/Mudou/spec/models/disciplina_spec.rb": [
        1,
        null,
        1,
        1,
        2,
        2,
        2,
        2,
        2,
        null,
        null,
        null
      ],
      "/home/thiago/projetos/Mudou/app/models/disciplina.rb": [
        1,
        1,
        1,
        null,
        1,
        1,
        null,
        null
      ],
      "/home/thiago/projetos/Mudou/spec/models/pessoa_spec.rb": [
        1,
        null,
        1,
        1,
        2,
        2,
        2,
        2,
        null,
        null
      ],
      "/home/thiago/projetos/Mudou/app/models/pessoa.rb": [
        1,
        1,
        null,
        1,
        null
      ],
      "/home/thiago/projetos/Mudou/spec/services/matricula_service_spec.rb": [
        1,
        null,
        1,
        null,
        1,
        4,
        4,
        4,
        null,
        1,
        1,
        1,
        null,
        null,
        1,
        1,
        1,
        null,
        null,
        null,
        1,
        2,
        null,
        null,
        null,
        null,
        1,
        1,
        1,
        null,
        null,
        null,
        null,
        null,
        null,
        null,
        null,
        null,
        null,
        null
      ],
      "/home/thiago/projetos/Mudou/app/services/matricula_service.rb": [
        1,
        null,
        1,
        3,
        3,
        3,
        null,
        null,
        1,
        3,
        null,
        2,
        2,
        2,
        null,
        null,
        1,
        3,
        null,
        null,
        null,
        null,
        null
      ],
      "/home/thiago/projetos/Mudou/spec/services/presenca_service_spec.rb": [
        1,
        null,
        1,
        null,
        1,
        5,
        5,
        null,
        1,
        1,
        null,
        null,
        1,
        1,
        1,
        null,
        null,
        1,
        1,
        1,
        null,
        null,
        1,
        1,
        1,
        null,
        null,
        null,
        null
      ],
      "/home/thiago/projetos/Mudou/app/services/presenca_service.rb": [
        1,
        null,
        1,
        4,
        null,
        null,
        1,
        4,
        4,
        null,
        null,
        1,
        4,
        null,
        null,
        null
      ]
    },
    "timestamp": 1574725541
  }
}
